<?xml version="1.0" encoding="UTF-8"?>
<!-- Generated by org.testng.reporters.JUnitXMLReporter -->
<testsuite ignored="0" hostname="DESKTOP-4ERPLSE" failures="0" tests="4" name="Test" time="45.495" errors="0" timestamp="2025-07-15T11:52:26 IST">
  <testcase classname="io.cucumber.testng.AbstractTestNGCucumberTests" name="@BeforeClass setUpClass" time="0.486">
    <failure type="io.cucumber.core.exception.CucumberException" message="java.lang.InstantiationException">
      <![CDATA[io.cucumber.core.exception.CucumberException: java.lang.InstantiationException
at io.cucumber.core.plugin.PluginFactory.newInstance(PluginFactory.java:118)
at io.cucumber.core.plugin.PluginFactory.instantiate(PluginFactory.java:79)
at io.cucumber.core.plugin.PluginFactory.create(PluginFactory.java:63)
at io.cucumber.core.plugin.Plugins.createPlugins(Plugins.java:32)
at io.cucumber.core.plugin.Plugins.<init>(Plugins.java:25)
at io.cucumber.testng.TestNGCucumberRunner.<init>(TestNGCucumberRunner.java:108)
at io.cucumber.testng.AbstractTestNGCucumberTests.setUpClass(AbstractTestNGCucumberTests.java:27)
at java.base/java.util.ArrayList.forEach(ArrayList.java:1596)
Caused by: java.lang.InstantiationException
at io.cucumber.core.plugin.PluginFactory.newInstance(PluginFactory.java:116)
... 30 more
... Removed 26 stack frames]]>
    </failure>
  </testcase> <!-- @BeforeClass setUpClass -->
  <testcase classname="TestCases.FlipkartResultTest" name="searchmobile" time="11.966"/>
  <testcase classname="TestCases.FlipkartResultTest" name="resultclick" time="5.508"/>
  <testcase classname="TestCases.FlipkartResultTest" name="addToCart" time="5.304"/>
  <testcase classname="TestCases.FlipkartSearchTest" name="searchmobile" time="12.003"/>
</testsuite> <!-- Test -->
